<?xml version="1.0" encoding="utf-8"?><testsuites name="pytest tests"><testsuite name="pytest" errors="0" failures="0" skipped="0" tests="17" time="1.649" timestamp="2026-07-02T15:55:26.350538+00:00" hostname="agent-env-53e861ab-dac9-4abc-ad87-ce02713be4a2"><testcase classname="tests.backend_test" name="test_root" time="0.262" /><testcase classname="tests.backend_test" name="test_newsletter_subscribe" time="0.117" /><testcase classname="tests.backend_test" name="test_newsletter_bad_email" time="0.067" /><testcase classname="tests.backend_test" name="test_contact_submit" time="0.065" /><testcase classname="tests.backend_test" name="test_budget_calculator[Siena]" time="0.060" /><testcase classname="tests.backend_test" name="test_budget_calculator[Tuscany]" time="0.062" /><testcase classname="tests.backend_test" name="test_budget_calculator[Italy]" time="0.053" /><testcase classname="tests.backend_test" name="test_budget_calculator[Europe]" time="0.045" /><testcase classname="tests.backend_test" name="test_budget_calculator[Asia]" time="0.042" /><testcase classname="tests.backend_test" name="test_budget_calculator[Buenos Aires]" time="0.045" /><testcase classname="tests.backend_test" name="test_budget_validation" time="0.056" /><testcase classname="tests.backend_test" name="test_itinerary" time="0.050" /><testcase classname="tests.backend_test" name="test_area_finder_known" time="0.059" /><testcase classname="tests.backend_test" name="test_area_finder_unknown" time="0.055" /><testcase classname="tests.backend_test" name="test_packing" time="0.063" /><testcase classname="tests.backend_test" name="test_best_time" time="0.046" /><testcase classname="tests.backend_test" name="test_best_time_unknown_fallback" time="0.046" /></testsuite></testsuites>